<?xml version="1.0" encoding="UTF-8"?>
<!-- Generated by org.testng.reporters.JUnitXMLReporter -->
<testsuite ignored="0" hostname="Swethas-MacBook-Air.local" failures="0" tests="3" name="test1" time="0.027" errors="0" timestamp="2025-01-20T19:55:35 IST">
  <testcase classname="testNG.testClass2" name="testMethod7" time="0.014"/>
  <testcase classname="testNG.testClass2" name="testMethod5" time="0.014"/>
  <testcase classname="testNG.testClass2" name="testMethod6" time="0.015"/>
</testsuite> <!-- test1 -->
