<?xml version="1.0" encoding="UTF-8"?>
<!-- Generated by org.testng.reporters.JUnitXMLReporter -->
<testsuite ignored="0" hostname="Swethas-MacBook-Air.local" failures="0" tests="4" name="Test002" time="0.05" errors="0" timestamp="2025-01-23T19:41:07 IST">
  <testcase classname="testNG.testClass3" name="testMethod10" time="0.01"/>
  <testcase classname="testNG.testClass3" name="testMethod11" time="0.005"/>
  <testcase classname="testNG.testClass3" name="testMethod8" time="0.009"/>
  <testcase classname="testNG.testClass3" name="testMethod9" time="0.002"/>
</testsuite> <!-- Test002 -->
