<?xml version="1.0" encoding="UTF-8"?>
<!-- Generated by org.testng.reporters.JUnitXMLReporter -->
<testsuite ignored="0" hostname="Swethas-MacBook-Air.local" failures="0" tests="12" name="Test" time="0.256" errors="0" timestamp="2025-01-20T19:55:35 IST">
  <testcase classname="testNG.testClass1" name="testMethod1" time="0.115"/>
  <testcase classname="testNG.testClass1" name="testMethod3" time="0.114"/>
  <testcase classname="testNG.testClass1" name="testMethod2" time="0.115"/>
  <testcase classname="testNG.testClass3" name="testMethod10" time="0.007"/>
  <testcase classname="testNG.testClass1" name="testMethod4" time="0.013"/>
  <testcase classname="testNG.testClass3" name="testMethod11" time="0.013"/>
  <testcase classname="testNG.testClass3" name="testMethod8" time="0.008"/>
  <testcase classname="testNG.testClass3" name="testMethod9" time="0.004"/>
  <testcase classname="testNG.testclass4" name="testMethod11" time="0.009"/>
  <testcase classname="testNG.testclass4" name="testMethod10" time="0.012"/>
  <testcase classname="testNG.testclass4" name="testMethod8" time="0.013"/>
  <testcase classname="testNG.testclass4" name="testMethod9" time="0.012"/>
</testsuite> <!-- Test -->
