<?xml version="1.0" encoding="UTF-8"?>
<!-- Generated by org.testng.reporters.JUnitXMLReporter -->
<testsuite ignored="0" hostname="Swethas-MacBook-Air.local" failures="0" tests="3" name="Test001" time="0.112" errors="0" timestamp="2025-01-23T19:41:07 IST">
  <testcase classname="testNG.testClass2" name="testMethod5" time="0.048"/>
  <testcase classname="testNG.testClass2" name="testMethod6" time="0.002"/>
  <testcase classname="testNG.testClass2" name="testMethod7" time="0.005"/>
</testsuite> <!-- Test001 -->
