<?xml version="1.0" encoding="UTF-8"?>
<!-- Generated by org.testng.reporters.JUnitXMLReporter -->
<testsuite ignored="2" hostname="Swethas-MacBook-Air.local" failures="0" tests="5" name="Car Loan" time="0.215" errors="0" timestamp="2025-01-09T21:17:40 IST">
  <testcase classname="testNG.day3" name="MobileLogincarLoan" time="0.034"/>
  <testcase classname="testNG.day3" name="MobilesignoutcarLoan" time="0.035"/>
  <testcase classname="testNG.day3" name="MobilesignoutcarLoan" time="0.011"/>
  <testcase classname="testNG.day3" name="MobilesignoutcarLoan" time="0.003"/>
  <testcase classname="testNG.day3" name="WebloginCarLoan" time="0.004"/>
  <testcase classname="testNG.day3" name="APIcarLoan" time="0.0">
    <ignored/>
  </testcase> <!-- APIcarLoan -->
  <testcase classname="testNG.day3" name="MobilesignimcarLoan" time="0.0">
    <ignored/>
  </testcase> <!-- MobilesignimcarLoan -->
</testsuite> <!-- Car Loan -->
