<?xml version="1.0" encoding="UTF-8"?>
<!-- Generated by org.testng.reporters.JUnitXMLReporter -->
<testsuite ignored="3" hostname="Swethas-MacBook-Air.local" failures="0" tests="5" name="Personal loan" time="0.195" errors="0" timestamp="2025-01-09T21:17:40 IST">
  <testcase classname="testNG.day1" name="Demo" time="0.042"/>
  <testcase classname="testNG.day2" name="ploan" time="0.003"/>
  <testcase classname="testNG.day4" name="LoginAPIHomeLoan" time="0.008"/>
  <testcase classname="testNG.day4" name="MobileLoginHomeLoan" time="0.013"/>
  <testcase classname="testNG.day4" name="WebloginHomeLoan" time="0.011"/>
  <testcase classname="testNG.day1" name="test7" time="0.0">
    <ignored/>
  </testcase> <!-- test7 -->
  <testcase classname="testNG.day1" name="test8" time="0.0">
    <ignored/>
  </testcase> <!-- test8 -->
  <testcase classname="testNG.day1" name="SecondTest" time="0.0">
    <ignored/>
  </testcase> <!-- SecondTest -->
</testsuite> <!-- Personal loan -->
