<?xml version="1.0" encoding="UTF-8"?>
<!-- Generated by org.testng.reporters.JUnitReportReporter -->
<testsuite hostname="Swethas-MacBook-Air.local" failures="0" tests="3" name="testNG.dataProvider4" time="0.057" errors="0" timestamp="2025-01-18T19:00:40 IST" skipped="0">
  <testcase classname="testNG.dataProvider4" name="testLogin" time="0.003"/>
  <system-out/>
  <testcase classname="testNG.dataProvider4" name="testLogin" time="0.006"/>
  <system-out/>
  <testcase classname="testNG.dataProvider4" name="testLogin" time="0.048"/>
  <system-out/>
</testsuite> <!-- testNG.dataProvider4 -->
