<?xml version="1.0" encoding="UTF-8"?>
<!-- Generated by org.testng.reporters.JUnitReportReporter -->
<testsuite hostname="Swethas-MacBook-Air.local" failures="0" tests="4" name="testNG.day1" time="0.043" errors="0" timestamp="2025-01-19T10:14:47 IST" skipped="0">
  <testcase classname="testNG.day1" name="Demo" time="0.030"/>
  <system-out/>
  <testcase classname="testNG.day1" name="SecondTest" time="0.004"/>
  <system-out/>
  <testcase classname="testNG.day1" name="test7" time="0.005"/>
  <system-out/>
  <testcase classname="testNG.day1" name="test8" time="0.004"/>
  <system-out/>
</testsuite> <!-- testNG.day1 -->
