<?xml version="1.0" encoding="UTF-8"?>
<!-- Generated by org.testng.reporters.JUnitReportReporter -->
<testsuite hostname="Swethas-MacBook-Air.local" failures="0" tests="2" name="testNG.dataProvider7" time="0.059" errors="0" timestamp="2025-01-18T21:52:01 IST" skipped="0">
  <testcase classname="testNG.dataProvider7" name="testLogin" time="0.054"/>
  <system-out/>
  <testcase classname="testNG.dataProvider7" name="testLogin" time="0.005"/>
  <system-out/>
</testsuite> <!-- testNG.dataProvider7 -->
