<?xml version="1.0" encoding="UTF-8"?>
<!-- Generated by org.testng.reporters.JUnitReportReporter -->
<testsuite hostname="Swethas-MacBook-Air.local" failures="0" tests="3" name="testNG.testClass2" time="0.055" errors="0" timestamp="2025-01-23T19:41:07 IST" skipped="0">
  <testcase classname="testNG.testClass2" name="testMethod7" time="0.005"/>
  <system-out/>
  <testcase classname="testNG.testClass2" name="testMethod6" time="0.002"/>
  <system-out/>
  <testcase classname="testNG.testClass2" name="testMethod5" time="0.048"/>
  <system-out/>
</testsuite> <!-- testNG.testClass2 -->
