<?xml version="1.0" encoding="UTF-8"?>
<!-- Generated by org.testng.reporters.JUnitReportReporter -->
<testsuite hostname="Swethas-MacBook-Air.local" failures="0" tests="3" name="testNG.dataProvider5" time="0.036" errors="0" timestamp="2025-01-18T19:11:05 IST" skipped="0">
  <testcase classname="testNG.dataProvider5" name="testLogin" time="0.003"/>
  <system-out/>
  <testcase classname="testNG.dataProvider5" name="testLogin" time="0.007"/>
  <system-out/>
  <testcase classname="testNG.dataProvider5" name="testLogin" time="0.026"/>
  <system-out/>
</testsuite> <!-- testNG.dataProvider5 -->
