<?xml version="1.0" encoding="UTF-8"?>
<!-- Generated by org.testng.reporters.JUnitReportReporter -->
<testsuite hostname="Swethas-MacBook-Air.local" failures="0" tests="3" name="testNG.dataProvider2" time="0.034" errors="0" timestamp="2025-01-18T18:48:32 IST" skipped="0">
  <testcase classname="testNG.dataProvider2" name="TestLogin1" time="0.003"/>
  <system-out/>
  <testcase classname="testNG.dataProvider2" name="TestLogin1" time="0.004"/>
  <system-out/>
  <testcase classname="testNG.dataProvider2" name="TestLogin1" time="0.027"/>
  <system-out/>
</testsuite> <!-- testNG.dataProvider2 -->
