<?xml version="1.0" encoding="UTF-8"?>
<!-- Generated by org.testng.reporters.JUnitReportReporter -->
<testsuite hostname="Swethas-MacBook-Air.local" failures="0" tests="3" name="testNG.dataProvider3" time="0.033" errors="0" timestamp="2025-01-18T18:53:13 IST" skipped="0">
  <testcase classname="testNG.dataProvider3" name="testLogin3" time="0.004"/>
  <system-out/>
  <testcase classname="testNG.dataProvider3" name="testLogin3" time="0.027"/>
  <system-out/>
  <testcase classname="testNG.dataProvider3" name="testLogin3" time="0.002"/>
  <system-out/>
</testsuite> <!-- testNG.dataProvider3 -->
