<?xml version="1.0" encoding="UTF-8"?>
<!-- Generated by org.testng.reporters.JUnitReportReporter -->
<testsuite hostname="Swethas-MacBook-Air.local" failures="0" tests="3" name="testNG.dataProvider1" time="0.036" errors="0" timestamp="2025-01-18T18:39:46 IST" skipped="0">
  <testcase classname="testNG.dataProvider1" name="TestLogin" time="0.009"/>
  <system-out/>
  <testcase classname="testNG.dataProvider1" name="TestLogin" time="0.025"/>
  <system-out/>
  <testcase classname="testNG.dataProvider1" name="TestLogin" time="0.002"/>
  <system-out/>
</testsuite> <!-- testNG.dataProvider1 -->
