<?xml version="1.0" encoding="UTF-8"?>
<!-- Generated by org.testng.reporters.JUnitReportReporter -->
<testsuite hostname="Swethas-MacBook-Air.local" failures="0" tests="6" name="testNG.day3" time="0.099" errors="0" timestamp="2025-01-09T21:17:40 IST" skipped="1">
  <testcase classname="testNG.day3" name="MobilesignoutcarLoan" time="0.035"/>
  <system-out/>
  <testcase classname="testNG.day3" name="MobilesignoutcarLoan" time="0.005"/>
  <system-out/>
  <testcase classname="testNG.day3" name="WebloginCarLoan" time="0.010"/>
  <system-out/>
  <testcase classname="testNG.day3" name="MobileLogincarLoan" time="0.037"/>
  <system-out/>
  <testcase classname="testNG.day3" name="MobilesignoutcarLoan" time="0.012"/>
  <system-out/>
  <testcase classname="testNG.day3" name="MobilesignimcarLoan">
    <skipped/>
  </testcase> <!-- MobilesignimcarLoan -->
  <system-out/>
</testsuite> <!-- testNG.day3 -->
