<?xml version="1.0" encoding="UTF-8"?>
<!-- Generated by org.testng.reporters.JUnitReportReporter -->
<testsuite hostname="Swethas-MacBook-Air.local" failures="0" tests="5" name="testNG.class1" time="0.043" errors="0" timestamp="2025-01-19T18:13:15 IST" skipped="0">
  <testcase classname="testNG.class1" name="test9" time="0.004"/>
  <system-out/>
  <testcase classname="testNG.class1" name="test12" time="0.005"/>
  <system-out/>
  <testcase classname="testNG.class1" name="test10" time="0.030"/>
  <system-out/>
  <testcase classname="testNG.class1" name="test11" time="0.003"/>
  <system-out/>
  <testcase classname="testNG.class1" name="test13" time="0.001"/>
  <system-out/>
</testsuite> <!-- testNG.class1 -->
