<?xml version="1.0" encoding="UTF-8"?>
<!-- Generated by org.testng.reporters.JUnitReportReporter -->
<testsuite hostname="Swethas-MacBook-Air.local" failures="0" tests="5" name="testNG.FlightBookingTest" time="0.047" errors="0" timestamp="2025-01-07T22:13:38 IST" skipped="0">
  <testcase classname="testNG.FlightBookingTest" name="signUp" time="0.035"/>
  <system-out/>
  <testcase classname="testNG.FlightBookingTest" name="login" time="0.002"/>
  <system-out/>
  <testcase classname="testNG.FlightBookingTest" name="bookFlight" time="0.003"/>
  <system-out/>
  <testcase classname="testNG.FlightBookingTest" name="searchForFlight" time="0.002"/>
  <system-out/>
  <testcase classname="testNG.FlightBookingTest" name="logout" time="0.005"/>
  <system-out/>
</testsuite> <!-- testNG.FlightBookingTest -->
