<?xml version="1.0" encoding="UTF-8"?>
<!-- Generated by org.testng.reporters.JUnitReportReporter -->
<testsuite hostname="Swethas-MacBook-Air.local" failures="0" tests="4" name="testNG.testClass1" time="0.065" errors="0" timestamp="2025-01-23T19:31:20 IST" skipped="0">
  <testcase classname="testNG.testClass1" name="testMethod2" time="0.003"/>
  <system-out/>
  <testcase classname="testNG.testClass1" name="testMethod3" time="0.007"/>
  <system-out/>
  <testcase classname="testNG.testClass1" name="testMethod4" time="0.003"/>
  <system-out/>
  <testcase classname="testNG.testClass1" name="testMethod1" time="0.052"/>
  <system-out/>
</testsuite> <!-- testNG.testClass1 -->
