<?xml version="1.0" encoding="UTF-8"?>
<!-- Generated by org.testng.reporters.JUnitReportReporter -->
<testsuite hostname="Swethas-MacBook-Air.local" failures="0" tests="3" name="testNG.dataProvider9" time="0.029" errors="0" timestamp="2025-01-18T22:02:54 IST" skipped="0">
  <testcase classname="testNG.dataProvider9" name="TestLogin" time="0.004"/>
  <system-out/>
  <testcase classname="testNG.dataProvider9" name="TestLogin" time="0.023"/>
  <system-out/>
  <testcase classname="testNG.dataProvider9" name="TestLogin" time="0.002"/>
  <system-out/>
</testsuite> <!-- testNG.dataProvider9 -->
