<?xml version="1.0" encoding="UTF-8"?>
<!-- Generated by org.testng.reporters.JUnitReportReporter -->
<testsuite hostname="Swethas-MacBook-Air.local" failures="0" tests="6" name="class1" time="0.057" errors="0" timestamp="2025-01-09T18:26:51 IST" skipped="0">
  <testcase classname="class1" name="test10" time="0.040"/>
  <system-out/>
  <testcase classname="class1" name="test11" time="0.002"/>
  <system-out/>
  <testcase classname="class1" name="test8" time="0.003"/>
  <system-out/>
  <testcase classname="class1" name="test12" time="0.005"/>
  <system-out/>
  <testcase classname="class1" name="test13" time="0.002"/>
  <system-out/>
  <testcase classname="class1" name="test9" time="0.005"/>
  <system-out/>
</testsuite> <!-- class1 -->
