<?xml version="1.0" encoding="UTF-8"?>
<!-- Generated by org.testng.reporters.JUnitReportReporter -->
<testsuite hostname="Swethas-MacBook-Air.local" failures="0" tests="2" name="testNG.dataProvider6" time="0.032" errors="0" timestamp="2025-01-18T21:38:37 IST" skipped="0">
  <testcase classname="testNG.dataProvider6" name="testLogin" time="0.002"/>
  <system-out/>
  <testcase classname="testNG.dataProvider6" name="testLogin" time="0.030"/>
  <system-out/>
</testsuite> <!-- testNG.dataProvider6 -->
