<?xml version="1.0" encoding="UTF-8"?>
<!-- Generated by org.testng.reporters.JUnitReportReporter -->
<testsuite hostname="Swethas-MacBook-Air.local" failures="0" tests="4" name="testNG.testclass4" time="0.046" errors="0" timestamp="2025-01-20T19:55:35 IST" skipped="0">
  <testcase classname="testNG.testclass4" name="testMethod8" time="0.013"/>
  <system-out/>
  <testcase classname="testNG.testclass4" name="testMethod9" time="0.012"/>
  <system-out/>
  <testcase classname="testNG.testclass4" name="testMethod10" time="0.012"/>
  <system-out/>
  <testcase classname="testNG.testclass4" name="testMethod11" time="0.009"/>
  <system-out/>
</testsuite> <!-- testNG.testclass4 -->
