<?xml version="1.0" encoding="UTF-8"?>
<!-- Generated by org.testng.reporters.JUnitReportReporter -->
<testsuite hostname="Swethas-MacBook-Air.local" failures="0" tests="3" name="testNG.day4" time="0.032" errors="0" timestamp="2025-01-09T21:17:40 IST" skipped="0">
  <testcase classname="testNG.day4" name="LoginAPIHomeLoan" time="0.008"/>
  <system-out/>
  <testcase classname="testNG.day4" name="MobileLoginHomeLoan" time="0.013"/>
  <system-out/>
  <testcase classname="testNG.day4" name="WebloginHomeLoan" time="0.011"/>
  <system-out/>
</testsuite> <!-- testNG.day4 -->
