<?xml version="1.0" encoding="UTF-8"?>
<!-- Generated by org.testng.reporters.JUnitReportReporter -->
<testsuite hostname="Swethas-MacBook-Air.local" failures="0" tests="7" name="testNG.timeOut_and_exception" time="0.094" errors="1" timestamp="2025-01-20T21:20:23 IST" skipped="0">
  <testcase classname="testNG.timeOut_and_exception" name="repeat" time="0.033"/>
  <system-out/>
  <testcase classname="testNG.timeOut_and_exception" name="testMethod" time="0.010"/>
  <system-out/>
  <testcase classname="testNG.timeOut_and_exception" name="testt" time="0.002">
    <error message="
Method timeOut_and_exception.testt()[pri:0, instance:testNG.timeOut_and_exception@6580cfdd] should have thrown an exception of any of types [class java.util.NoSuchElementException, class java.util.concurrent.TimeoutException]" type="org.testng.TestException">
      <![CDATA[org.testng.TestException: 
Method timeOut_and_exception.testt()[pri:0, instance:testNG.timeOut_and_exception@6580cfdd] should have thrown an exception of any of types [class java.util.NoSuchElementException, class java.util.concurrent.TimeoutException]
at org.testng.internal.ExpectedExceptionsHolder.noException(ExpectedExceptionsHolder.java:82)
at org.testng.internal.TestInvoker.considerExceptions(TestInvoker.java:749)
at org.testng.internal.TestInvoker.invokeMethod(TestInvoker.java:634)
at org.testng.internal.TestInvoker.invokeTestMethod(TestInvoker.java:173)
at org.testng.internal.MethodRunner.runInSequence(MethodRunner.java:46)
at org.testng.internal.TestInvoker$MethodInvocationAgent.invoke(TestInvoker.java:824)
at org.testng.internal.TestInvoker.invokeTestMethods(TestInvoker.java:146)
at org.testng.internal.TestMethodWorker.invokeTestMethods(TestMethodWorker.java:146)
at org.testng.internal.TestMethodWorker.run(TestMethodWorker.java:128)
at java.base/java.util.ArrayList.forEach(ArrayList.java:1597)
at org.testng.TestRunner.privateRun(TestRunner.java:794)
at org.testng.TestRunner.run(TestRunner.java:596)
at org.testng.SuiteRunner.runTest(SuiteRunner.java:377)
at org.testng.SuiteRunner.runSequentially(SuiteRunner.java:371)
at org.testng.SuiteRunner.privateRun(SuiteRunner.java:332)
at org.testng.SuiteRunner.run(SuiteRunner.java:276)
at org.testng.SuiteRunnerWorker.runSuite(SuiteRunnerWorker.java:53)
at org.testng.SuiteRunnerWorker.run(SuiteRunnerWorker.java:96)
at org.testng.TestNG.runSuitesSequentially(TestNG.java:1212)
at org.testng.TestNG.runSuitesLocally(TestNG.java:1134)
at org.testng.TestNG.runSuites(TestNG.java:1063)
at org.testng.TestNG.run(TestNG.java:1031)
at org.testng.remote.AbstractRemoteTestNG.run(AbstractRemoteTestNG.java:115)
at org.testng.remote.RemoteTestNG.initAndRun(RemoteTestNG.java:293)
at org.testng.remote.RemoteTestNG.main(RemoteTestNG.java:91)
]]>
    </error>
  </testcase> <!-- testt -->
  <system-out/>
  <testcase classname="testNG.timeOut_and_exception" name="repeat" time="0.007"/>
  <system-out/>
  <testcase classname="testNG.timeOut_and_exception" name="repeat" time="0.033"/>
  <system-out/>
  <testcase classname="testNG.timeOut_and_exception" name="repeat" time="0.006"/>
  <system-out/>
  <testcase classname="testNG.timeOut_and_exception" name="repeat" time="0.003"/>
  <system-out/>
</testsuite> <!-- testNG.timeOut_and_exception -->
