<?xml version="1.0" encoding="UTF-8"?>
<!-- Generated by org.testng.reporters.JUnitReportReporter -->
<testsuite hostname="Swethas-MacBook-Air.local" failures="0" tests="4" name="testNG.testClass3" time="0.026" errors="0" timestamp="2025-01-23T19:41:07 IST" skipped="0">
  <testcase classname="testNG.testClass3" name="testMethod8" time="0.009"/>
  <system-out/>
  <testcase classname="testNG.testClass3" name="testMethod10" time="0.010"/>
  <system-out/>
  <testcase classname="testNG.testClass3" name="testMethod11" time="0.005"/>
  <system-out/>
  <testcase classname="testNG.testClass3" name="testMethod9" time="0.002"/>
  <system-out/>
</testsuite> <!-- testNG.testClass3 -->
