<?xml version="1.0" encoding="UTF-8"?>
<!-- Generated by org.testng.reporters.JUnitReportReporter -->
<testsuite hostname="Swethas-MacBook-Air.local" failures="0" tests="2" name="testNG.dataProvider8" time="0.025" errors="0" timestamp="2025-01-18T21:58:17 IST" skipped="0">
  <testcase classname="testNG.dataProvider8" name="TestLogin" time="0.022"/>
  <system-out/>
  <testcase classname="testNG.dataProvider8" name="TestLogin" time="0.003"/>
  <system-out/>
</testsuite> <!-- testNG.dataProvider8 -->
