<?xml version="1.0" encoding="UTF-8"?>
<!-- Generated by org.testng.reporters.JUnitXMLReporter -->
<testsuite ignored="2" hostname="Swethas-MacBook-Air.local" failures="0" tests="8" name="carloan department" time="0.093" errors="0" timestamp="2024-11-02T07:09:10 IST">
  <testcase classname="testNG.day3" name="MobileLogincarLoan" time="0.005"/>
  <testcase classname="testNG.day3" name="MobilesignoutcarLoan" time="0.008"/>
  <testcase classname="testNG.day3" name="MobilesignoutcarLoan" time="0.003"/>
  <testcase classname="testNG.day3" name="MobilesignoutcarLoan" time="0.006"/>
  <testcase classname="testNG.day3" name="WebloginCarLoan" time="0.005"/>
  <testcase classname="testNG.day4" name="LoginAPIHomeLoan" time="0.004"/>
  <testcase classname="testNG.day4" name="MobileLoginHomeLoan" time="0.004"/>
  <testcase classname="testNG.day4" name="WebloginHomeLoan" time="0.001"/>
  <testcase classname="testNG.day3" name="APIcarLoan" time="0.0">
    <ignored/>
  </testcase> <!-- APIcarLoan -->
  <testcase classname="testNG.day3" name="MobilesignimcarLoan" time="0.0">
    <ignored/>
  </testcase> <!-- MobilesignimcarLoan -->
</testsuite> <!-- carloan department -->
