<?xml version="1.0" encoding="UTF-8"?>
<!-- Generated by org.testng.reporters.JUnitXMLReporter -->
<testsuite ignored="1" hostname="Swethas-MacBook-Air.local" failures="1" tests="2" name="personal loan department" time="0.112" errors="0" timestamp="2024-11-02T07:09:10 IST">
  <testcase classname="testNG.day1" name="Demo" time="0.023">
    <failure type="java.lang.AssertionError">
      <![CDATA[java.lang.AssertionError: 
at testNG.day1.Demo(day1.java:23)
at java.base/java.util.ArrayList.forEach(ArrayList.java:1597)
... Removed 28 stack frames]]>
    </failure>
  </testcase> <!-- Demo -->
  <testcase classname="testNG.day2" name="ploan" time="0.009"/>
  <testcase classname="testNG.day1" name="SecondTest" time="0.0">
    <ignored/>
  </testcase> <!-- SecondTest -->
</testsuite> <!-- personal loan department -->
